This is pdfTeX, Version 3.141592653-2.6-1.40.22 (TeX Live 2022/dev/Debian) (preloaded format=pdflatex 2024.10.25)  24 JUN 2025 23:20
entering extended mode
 restricted \write18 enabled.
 file:line:error style messages enabled.
 %&-line parsing enabled.
**/home/neyon/fhv/bachelor_thesis_infeo/Thesis/Text/Bachelor_Thesis_GPS_Classification
(/home/neyon/fhv/bachelor_thesis_infeo/Thesis/Text/Bachelor_Thesis_GPS_Classification.tex
LaTeX2e <2021-11-15> patch level 1
L3 programming layer <2022-01-21> (/usr/share/texlive/texmf-dist/tex/latex/koma-script/scrreprt.cls
Document Class: scrreprt 2021/11/13 v3.35 KOMA-Script document class (report)
(/usr/share/texlive/texmf-dist/tex/latex/koma-script/scrkbase.sty
Package: scrkbase 2021/11/13 v3.35 KOMA-Script package (KOMA-Script-dependent basics and keyval usage)
 (/usr/share/texlive/texmf-dist/tex/latex/koma-script/scrbase.sty
Package: scrbase 2021/11/13 v3.35 KOMA-Script package (KOMA-Script-independent basics and keyval usage)
 (/usr/share/texlive/texmf-dist/tex/latex/koma-script/scrlfile.sty
Package: scrlfile 2021/11/13 v3.35 KOMA-Script package (file load hooks)
 (/usr/share/texlive/texmf-dist/tex/latex/koma-script/scrlfile-hook.sty
Package: scrlfile-hook 2021/11/13 v3.35 KOMA-Script package (using LaTeX hooks)
 (/usr/share/texlive/texmf-dist/tex/latex/koma-script/scrlogo.sty
Package: scrlogo 2021/11/13 v3.35 KOMA-Script package (logo)
))) (/usr/share/texlive/texmf-dist/tex/latex/graphics/keyval.sty
Package: keyval 2014/10/28 v1.15 key=value parser (DPC)
\KV@toks@=\toks16
)
Applying: [2021/05/01] Usage of raw or classic option list on input line 252.
Already applied: [0000/00/00] Usage of raw or classic option list on input line 368.
)) (/usr/share/texlive/texmf-dist/tex/latex/koma-script/tocbasic.sty
Package: tocbasic 2021/11/13 v3.35 KOMA-Script package (handling toc-files)
\scr@dte@tocline@numberwidth=\skip47
\scr@dte@tocline@numbox=\box50
)
Package tocbasic Info: babel extension for `toc' omitted
(tocbasic)             because of missing \bbl@set@language on input line 137.
Package scrreprt Info: You've used standard option `12pt'.
(scrreprt)             This is correct!
(scrreprt)             Internally I'm using `fontsize=12pt'.
(scrreprt)             If you'd like to set the option with \KOMAoptions,
(scrreprt)             you'd have to use `fontsize=12pt' there
(scrreprt)             instead of `12pt', too.
Class scrreprt Info: File `scrsize12pt.clo' used to setup font sizes on input line 2487.
 (/usr/share/texlive/texmf-dist/tex/latex/koma-script/scrsize12pt.clo
File: scrsize12pt.clo 2021/11/13 v3.35 KOMA-Script font size class option (12pt)
) (/usr/share/texlive/texmf-dist/tex/latex/koma-script/typearea.sty
Package: typearea 2021/11/13 v3.35 KOMA-Script package (type area)
\ta@bcor=\skip48
\ta@div=\count185
Package typearea Info: You've used standard option `a4paper'.
(typearea)             This is correct!
(typearea)             Internally I'm using `paper=a4'.
(typearea)             If you'd like to set the option with \KOMAoptions,
(typearea)             you'd have to use `paper=a4' there
(typearea)             instead of `a4paper', too.
\ta@hblk=\skip49
\ta@vblk=\skip50
\ta@temp=\skip51
\footheight=\skip52
Package typearea Info: These are the values describing the layout:
(typearea)             DIV  = 12
(typearea)             BCOR = 0.0pt
(typearea)             \paperwidth      = 597.50793pt
(typearea)              \textwidth      = 448.13095pt
(typearea)              DIV departure   = -6%
(typearea)              \evensidemargin = 27.31467pt
(typearea)              \oddsidemargin  = -22.47766pt
(typearea)             \paperheight     = 845.04694pt
(typearea)              \textheight     = 635.5pt
(typearea)              \topmargin      = -41.72441pt
(typearea)              \headheight     = 18.125pt
(typearea)              \headsep        = 21.75pt
(typearea)              \topskip        = 12.0pt
(typearea)              \footskip       = 50.75pt
(typearea)              \baselineskip   = 14.5pt
(typearea)              on input line 1743.
)
\c@part=\count186
\c@chapter=\count187
\c@section=\count188
\c@subsection=\count189
\c@subsubsection=\count190
\c@paragraph=\count191
\c@subparagraph=\count192
\scr@dte@chapter@maxnumwidth=\skip53
Class scrreprt Info: using compatibility default `afterindent=bysign'
(scrreprt)           for `\chapter on input line 5717.
\scr@dte@section@maxnumwidth=\skip54
Class scrreprt Info: using compatibility default `runin=bysign'
(scrreprt)           for `\section on input line 5728.
Class scrreprt Info: using compatibility default `afterindent=bysign'
(scrreprt)           for `\section on input line 5728.
\scr@dte@part@maxnumwidth=\skip55
Class scrreprt Info: using compatibility default `afterindent=true'
(scrreprt)           for `\part on input line 5737.
\scr@dte@subsection@maxnumwidth=\skip56
Class scrreprt Info: using compatibility default `runin=bysign'
(scrreprt)           for `\subsection on input line 5747.
Class scrreprt Info: using compatibility default `afterindent=bysign'
(scrreprt)           for `\subsection on input line 5747.
\scr@dte@subsubsection@maxnumwidth=\skip57
Class scrreprt Info: using compatibility default `runin=bysign'
(scrreprt)           for `\subsubsection on input line 5757.
Class scrreprt Info: using compatibility default `afterindent=bysign'
(scrreprt)           for `\subsubsection on input line 5757.
\scr@dte@paragraph@maxnumwidth=\skip58
Class scrreprt Info: using compatibility default `runin=bysign'
(scrreprt)           for `\paragraph on input line 5768.
Class scrreprt Info: using compatibility default `afterindent=bysign'
(scrreprt)           for `\paragraph on input line 5768.
\scr@dte@subparagraph@maxnumwidth=\skip59
Class scrreprt Info: using compatibility default `runin=bysign'
(scrreprt)           for `\subparagraph on input line 5778.
Class scrreprt Info: using compatibility default `afterindent=bysign'
(scrreprt)           for `\subparagraph on input line 5778.
\abovecaptionskip=\skip60
\belowcaptionskip=\skip61
\c@pti@nb@sid@b@x=\box51
Package tocbasic Info: babel extension for `lof' omitted
(tocbasic)             because of missing \bbl@set@language on input line 6958.
\scr@dte@figure@maxnumwidth=\skip62
\c@figure=\count193
Package tocbasic Info: babel extension for `lot' omitted
(tocbasic)             because of missing \bbl@set@language on input line 6974.
\scr@dte@table@maxnumwidth=\skip63
\c@table=\count194
Class scrreprt Info: Redefining `\numberline' on input line 7142.
\bibindent=\dimen138
) (/usr/share/texlive/texmf-dist/tex/latex/base/inputenc.sty
Package: inputenc 2021/02/14 v1.3d Input encoding file
\inpenc@prehook=\toks17
\inpenc@posthook=\toks18
) (/usr/share/texlive/texmf-dist/tex/latex/base/fontenc.sty
Package: fontenc 2021/04/29 v2.0v Standard LaTeX package
) (/usr/share/texlive/texmf-dist/tex/latex/graphics/graphicx.sty
Package: graphicx 2021/09/16 v1.2d Enhanced LaTeX Graphics (DPC,SPQR)
 (/usr/share/texlive/texmf-dist/tex/latex/graphics/graphics.sty
Package: graphics 2021/03/04 v1.4d Standard LaTeX Graphics (DPC,SPQR)
 (/usr/share/texlive/texmf-dist/tex/latex/graphics/trig.sty
Package: trig 2021/08/11 v1.11 sin cos tan (DPC)
) (/usr/share/texlive/texmf-dist/tex/latex/graphics-cfg/graphics.cfg
File: graphics.cfg 2016/06/04 v1.11 sample graphics configuration
)
Package graphics Info: Driver file: pdftex.def on input line 107.
 (/usr/share/texlive/texmf-dist/tex/latex/graphics-def/pdftex.def
File: pdftex.def 2020/10/05 v1.2a Graphics/color driver for pdftex
))
\Gin@req@height=\dimen139
\Gin@req@width=\dimen140
) (/usr/share/texlive/texmf-dist/tex/generic/babel/babel.sty
Package: babel 2022/01/26 3.70 The Babel package
\babel@savecnt=\count195
\U@D=\dimen141
\l@unhyphenated=\language87
 (/usr/share/texlive/texmf-dist/tex/generic/babel/txtbabel.def)
\bbl@readstream=\read2
\bbl@dirlevel=\count196
 (/usr/share/texlive/texmf-dist/tex/generic/babel-english/english.ldf
Language: english 2017/06/06 v3.3r English support from the babel system
Package babel Info: Hyphen rules for 'canadian' set to \l@english
(babel)             (\language0). Reported on input line 102.
Package babel Info: Hyphen rules for 'australian' set to \l@ukenglish
(babel)             (\language27). Reported on input line 105.
Package babel Info: Hyphen rules for 'newzealand' set to \l@ukenglish
(babel)             (\language27). Reported on input line 108.
)) (/usr/share/texlive/texmf-dist/tex/latex/csquotes/csquotes.sty
Package: csquotes 2021-02-22 v5.2l context-sensitive quotations (JAW)
 (/usr/share/texlive/texmf-dist/tex/latex/etoolbox/etoolbox.sty
Package: etoolbox 2020/10/05 v2.5k e-TeX tools for LaTeX (JAW)
\etb@tempcnta=\count197
)
\csq@reset=\count198
\csq@gtype=\count199
\csq@glevel=\count266
\csq@qlevel=\count267
\csq@maxlvl=\count268
\csq@tshold=\count269
\csq@ltx@everypar=\toks19
 (/usr/share/texlive/texmf-dist/tex/latex/csquotes/csquotes.def
File: csquotes.def 2021-02-22 v5.2l csquotes generic definitions (JAW)
)
Package csquotes Info: Trying to load configuration file 'csquotes.cfg'...
Package csquotes Info: ... configuration file loaded successfully.
 (/usr/share/texlive/texmf-dist/tex/latex/csquotes/csquotes.cfg
File: csquotes.cfg 
)) (/usr/share/texlive/texmf-dist/tex/latex/acronym/acronym.sty
Package: acronym 2020/04/17 v1.47 Support for acronyms (Tobias Oetiker)
 (/usr/share/texlive/texmf-dist/tex/latex/bigfoot/suffix.sty
Package: suffix 2006/07/15 1.5a Variant command support
) (/usr/share/texlive/texmf-dist/tex/generic/xstring/xstring.sty (/usr/share/texlive/texmf-dist/tex/generic/xstring/xstring.tex
\integerpart=\count270
\decimalpart=\count271
)
Package: xstring 2021/07/21 v1.84 String manipulations (CT)
)
\AC@clearlist=\toks20
) (/usr/share/texlive/texmf-dist/tex/latex/eurosym/eurosym.sty
Package: eurosym 1998/08/06 v1.1 European currency symbol ``Euro''
\@eurobox=\box52
) (/usr/share/texlive/texmf-dist/tex/latex/hyperref/hyperref.sty
Package: hyperref 2021-06-07 v7.00m Hypertext links for LaTeX
 (/usr/share/texlive/texmf-dist/tex/generic/ltxcmds/ltxcmds.sty
Package: ltxcmds 2020-05-10 v1.25 LaTeX kernel commands for general use (HO)
) (/usr/share/texlive/texmf-dist/tex/generic/iftex/iftex.sty
Package: iftex 2020/03/06 v1.0d TeX engine tests
) (/usr/share/texlive/texmf-dist/tex/generic/pdftexcmds/pdftexcmds.sty
Package: pdftexcmds 2020-06-27 v0.33 Utility functions of pdfTeX for LuaTeX (HO)
 (/usr/share/texlive/texmf-dist/tex/generic/infwarerr/infwarerr.sty
Package: infwarerr 2019/12/03 v1.5 Providing info/warning/error messages (HO)
)
Package pdftexcmds Info: \pdf@primitive is available.
Package pdftexcmds Info: \pdf@ifprimitive is available.
Package pdftexcmds Info: \pdfdraftmode found.
) (/usr/share/texlive/texmf-dist/tex/generic/kvsetkeys/kvsetkeys.sty
Package: kvsetkeys 2019/12/15 v1.18 Key value parser (HO)
) (/usr/share/texlive/texmf-dist/tex/generic/kvdefinekeys/kvdefinekeys.sty
Package: kvdefinekeys 2019-12-19 v1.6 Define keys (HO)
) (/usr/share/texlive/texmf-dist/tex/generic/pdfescape/pdfescape.sty
Package: pdfescape 2019/12/09 v1.15 Implements pdfTeX's escape features (HO)
) (/usr/share/texlive/texmf-dist/tex/latex/hycolor/hycolor.sty
Package: hycolor 2020-01-27 v1.10 Color options for hyperref/bookmark (HO)
) (/usr/share/texlive/texmf-dist/tex/latex/letltxmacro/letltxmacro.sty
Package: letltxmacro 2019/12/03 v1.6 Let assignment for LaTeX macros (HO)
) (/usr/share/texlive/texmf-dist/tex/latex/auxhook/auxhook.sty
Package: auxhook 2019-12-17 v1.6 Hooks for auxiliary files (HO)
) (/usr/share/texlive/texmf-dist/tex/latex/kvoptions/kvoptions.sty
Package: kvoptions 2020-10-07 v3.14 Key value format for package options (HO)
)
\@linkdim=\dimen142
\Hy@linkcounter=\count272
\Hy@pagecounter=\count273
 (/usr/share/texlive/texmf-dist/tex/latex/hyperref/pd1enc.def
File: pd1enc.def 2021-06-07 v7.00m Hyperref: PDFDocEncoding definition (HO)
Now handling font encoding PD1 ...
... no UTF-8 mapping file for font encoding PD1
) (/usr/share/texlive/texmf-dist/tex/latex/hyperref/hyperref-langpatches.def
File: hyperref-langpatches.def 2021-06-07 v7.00m Hyperref: patches for babel languages
) (/usr/share/texlive/texmf-dist/tex/generic/intcalc/intcalc.sty
Package: intcalc 2019/12/15 v1.3 Expandable calculations with integers (HO)
) (/usr/share/texlive/texmf-dist/tex/generic/etexcmds/etexcmds.sty
Package: etexcmds 2019/12/15 v1.7 Avoid name clashes with e-TeX commands (HO)
)
\Hy@SavedSpaceFactor=\count274
 (/usr/share/texlive/texmf-dist/tex/latex/hyperref/puenc.def
File: puenc.def 2021-06-07 v7.00m Hyperref: PDF Unicode definition (HO)
Now handling font encoding PU ...
... no UTF-8 mapping file for font encoding PU
)
Package hyperref Info: Option `linktocpage' set `true' on input line 4073.
Package hyperref Info: Hyper figures OFF on input line 4192.
Package hyperref Info: Link nesting OFF on input line 4197.
Package hyperref Info: Hyper index ON on input line 4200.
Package hyperref Info: Plain pages OFF on input line 4207.
Package hyperref Info: Backreferencing OFF on input line 4212.
Package hyperref Info: Implicit mode ON; LaTeX internals redefined.
Package hyperref Info: Bookmarks ON on input line 4445.
\c@Hy@tempcnt=\count275
 (/usr/share/texlive/texmf-dist/tex/latex/url/url.sty
\Urlmuskip=\muskip16
Package: url 2013/09/16  ver 3.4  Verb mode for urls, etc.
)
LaTeX Info: Redefining \url on input line 4804.
\XeTeXLinkMargin=\dimen143
 (/usr/share/texlive/texmf-dist/tex/generic/bitset/bitset.sty
Package: bitset 2019/12/09 v1.3 Handle bit-vector datatype (HO)
 (/usr/share/texlive/texmf-dist/tex/generic/bigintcalc/bigintcalc.sty
Package: bigintcalc 2019/12/15 v1.5 Expandable calculations on big integers (HO)
))
\Fld@menulength=\count276
\Field@Width=\dimen144
\Fld@charsize=\dimen145
Package hyperref Info: Hyper figures OFF on input line 6076.
Package hyperref Info: Link nesting OFF on input line 6081.
Package hyperref Info: Hyper index ON on input line 6084.
Package hyperref Info: backreferencing OFF on input line 6091.
Package hyperref Info: Link coloring OFF on input line 6096.
Package hyperref Info: Link coloring with OCG OFF on input line 6101.
Package hyperref Info: PDF/A mode OFF on input line 6106.
LaTeX Info: Redefining \ref on input line 6146.
LaTeX Info: Redefining \pageref on input line 6150.
 (/usr/share/texlive/texmf-dist/tex/latex/base/atbegshi-ltx.sty
Package: atbegshi-ltx 2021/01/10 v1.0c Emulation of the original atbegshi
package with kernel methods
)
\Hy@abspage=\count277
\c@Item=\count278
\c@Hfootnote=\count279
)
Package hyperref Info: Driver (autodetected): hpdftex.
 (/usr/share/texlive/texmf-dist/tex/latex/hyperref/hpdftex.def
File: hpdftex.def 2021-06-07 v7.00m Hyperref driver for pdfTeX
 (/usr/share/texlive/texmf-dist/tex/latex/base/atveryend-ltx.sty
Package: atveryend-ltx 2020/08/19 v1.0a Emulation of the original atveryend package
with kernel methods
)
\Fld@listcount=\count280
\c@bookmark@seq@number=\count281
 (/usr/share/texlive/texmf-dist/tex/latex/rerunfilecheck/rerunfilecheck.sty
Package: rerunfilecheck 2019/12/05 v1.9 Rerun checks for auxiliary files (HO)
 (/usr/share/texlive/texmf-dist/tex/generic/uniquecounter/uniquecounter.sty
Package: uniquecounter 2019/12/15 v1.4 Provide unlimited unique counter (HO)
)
Package uniquecounter Info: New unique counter `rerunfilecheck' on input line 286.
)
\Hy@SectionHShift=\skip64
) (/usr/share/texlive/texmf-dist/tex/latex/geometry/geometry.sty
Package: geometry 2020/01/02 v5.9 Page Geometry
 (/usr/share/texlive/texmf-dist/tex/generic/iftex/ifvtex.sty
Package: ifvtex 2019/10/25 v1.7 ifvtex legacy package. Use iftex instead.
)
\Gm@cnth=\count282
\Gm@cntv=\count283
\c@Gm@tempcnt=\count284
\Gm@bindingoffset=\dimen146
\Gm@wd@mp=\dimen147
\Gm@odd@mp=\dimen148
\Gm@even@mp=\dimen149
\Gm@layoutwidth=\dimen150
\Gm@layoutheight=\dimen151
\Gm@layouthoffset=\dimen152
\Gm@layoutvoffset=\dimen153
\Gm@dimlist=\toks21
) (/usr/share/texlive/texmf-dist/tex/latex/caption/caption.sty
Package: caption 2020/10/26 v3.5g Customizing captions (AR)
 (/usr/share/texlive/texmf-dist/tex/latex/caption/caption3.sty
Package: caption3 2020/10/21 v2.2e caption3 kernel (AR)
\captionmargin=\dimen154
\captionmargin@=\dimen155
\captionwidth=\dimen156
\caption@tempdima=\dimen157
\caption@indent=\dimen158
\caption@parindent=\dimen159
\caption@hangindent=\dimen160
Package caption Info: KOMA-Script document class detected.
 (/usr/share/texlive/texmf-dist/tex/latex/caption/caption-koma.sto
File: caption-koma.sto 2020/09/21 v2.0b Adaption of the caption package to the KOMA-Script document classes (AR)
))
\c@caption@flags=\count285
\c@continuedfloat=\count286
Package caption Info: hyperref package is loaded.
) (/usr/share/texlive/texmf-dist/tex/latex/placeins/placeins.sty
Package: placeins 2005/04/18  v 2.2
) (/usr/share/texlive/texmf-dist/tex/latex/float/float.sty
Package: float 2001/11/08 v1.3d Float enhancements (AL)
\c@float@type=\count287
\float@exts=\toks22
\float@box=\box53
\@float@everytoks=\toks23
\@floatcapt=\box54
) (/usr/share/texlive/texmf-dist/tex/latex/listings/listings.sty
\lst@mode=\count288
\lst@gtempboxa=\box55
\lst@token=\toks24
\lst@length=\count289
\lst@currlwidth=\dimen161
\lst@column=\count290
\lst@pos=\count291
\lst@lostspace=\dimen162
\lst@width=\dimen163
\lst@newlines=\count292
\lst@lineno=\count293
\lst@maxwidth=\dimen164
 (/usr/share/texlive/texmf-dist/tex/latex/listings/lstmisc.sty
File: lstmisc.sty 2020/03/24 1.8d (Carsten Heinz)
\c@lstnumber=\count294
\lst@skipnumbers=\count295
\lst@framebox=\box56
) (/usr/share/texlive/texmf-dist/tex/latex/listings/listings.cfg
File: listings.cfg 2020/03/24 1.8d listings configuration
))
Package: listings 2020/03/24 1.8d (Carsten Heinz)
 (/usr/share/texlive/texmf-dist/tex/latex/xcolor/xcolor.sty
Package: xcolor 2021/10/31 v2.13 LaTeX color extensions (UK)
 (/usr/share/texlive/texmf-dist/tex/latex/graphics-cfg/color.cfg
File: color.cfg 2016/01/02 v1.6 sample color configuration
)
Package xcolor Info: Driver file: pdftex.def on input line 227.
Package xcolor Info: Model `cmy' substituted by `cmy0' on input line 1352.
Package xcolor Info: Model `hsb' substituted by `rgb' on input line 1356.
Package xcolor Info: Model `RGB' extended on input line 1368.
Package xcolor Info: Model `HTML' substituted by `rgb' on input line 1370.
Package xcolor Info: Model `Hsb' substituted by `hsb' on input line 1371.
Package xcolor Info: Model `tHsb' substituted by `hsb' on input line 1372.
Package xcolor Info: Model `HSB' substituted by `hsb' on input line 1373.
Package xcolor Info: Model `Gray' substituted by `gray' on input line 1374.
Package xcolor Info: Model `wave' substituted by `hsb' on input line 1375.
) (/usr/share/texlive/texmf-dist/tex/latex/caption/subcaption.sty
Package: subcaption 2020/10/07 v1.3j Sub-captions (AR)
\c@subfigure=\count296
\c@subtable=\count297
)

Class scrreprt Warning: Usage of package `tocloft' together
(scrreprt)              with a KOMA-Script class is not recommended.
(scrreprt)              I'd suggest to use options like `listof=entryprefix',
(scrreprt)              commands like `\listoflofentryname' or
(scrreprt)              `\listoflotentryname', and `\DeclareTOCStyleEntry' or
(scrreprt)              `\RedeclareSectionCommand' instead of this package,
(scrreprt)              because it breaks several KOMA-Script features of
(scrreprt)              the list of figures, list of tables and table of
(scrreprt)              contents, i.e., options like `listof=numbered',
(scrreprt)              `listof=flat or `toc=flat', commands like
(scrreprt)              `\BeforeTOCHead{...}' and `\AfterTOCHead{...}',
(scrreprt)              `\BeforeStartingTOC{...}' and \AfterStartingTOC{...}',
(scrreprt)              all features of `\DeclareTOCStyleEntry',
(scrreprt)              and the ToC entry features of `\DeclareSecionCommand'
(scrreprt)              and `\RedeclareSectionCommand' of levels
(scrreprt)              `part', `section', `subsection',
(scrreprt)              `subsubsection', `paragraph' and `subparagraph'.
(scrreprt)              Nevertheless, using requested
(scrreprt)              package `tocloft' on input line 39.

(/usr/share/texlive/texmf-dist/tex/latex/tocloft/tocloft.sty
Package: tocloft 2017/08/31 v2.3i parameterised ToC, etc., typesetting
Package tocloft Info: The document has chapter divisions on input line 51.
\cftparskip=\skip65
\cftbeforetoctitleskip=\skip66
\cftaftertoctitleskip=\skip67
\cftbeforepartskip=\skip68
\cftpartnumwidth=\skip69
\cftpartindent=\skip70
\cftbeforechapskip=\skip71
\cftchapindent=\skip72
\cftchapnumwidth=\skip73
\cftbeforesecskip=\skip74
\cftsecindent=\skip75
\cftsecnumwidth=\skip76
\cftbeforesubsecskip=\skip77
\cftsubsecindent=\skip78
\cftsubsecnumwidth=\skip79
\cftbeforesubsubsecskip=\skip80
\cftsubsubsecindent=\skip81
\cftsubsubsecnumwidth=\skip82
\cftbeforeparaskip=\skip83
\cftparaindent=\skip84
\cftparanumwidth=\skip85
\cftbeforesubparaskip=\skip86
\cftsubparaindent=\skip87
\cftsubparanumwidth=\skip88
\cftbeforeloftitleskip=\skip89
\cftafterloftitleskip=\skip90
\cftbeforefigskip=\skip91
\cftfigindent=\skip92
\cftfignumwidth=\skip93
\c@lofdepth=\count298
\c@lotdepth=\count299
\cftbeforelottitleskip=\skip94
\cftafterlottitleskip=\skip95
\cftbeforetabskip=\skip96
\cfttabindent=\skip97
\cfttabnumwidth=\skip98
) (/usr/share/texlive/texmf-dist/tex/latex/amsfonts/amsfonts.sty
Package: amsfonts 2013/01/14 v3.01 Basic AMSFonts support
\@emptytoks=\toks25
\symAMSa=\mathgroup4
\symAMSb=\mathgroup5
LaTeX Font Info:    Redeclaring math symbol \hbar on input line 98.
LaTeX Font Info:    Overwriting math alphabet `\mathfrak' in version `bold'
(Font)                  U/euf/m/n --> U/euf/b/n on input line 106.
) (/usr/share/texlive/texmf-dist/tex/latex/pdfx/pdfx.sty
Package: pdfx 2019/02/27 v1.6.3 PDF/X and PDF/A support (CVR/HTH/RRM/PS)
\pdfx@minorversion=\count300
 (/usr/share/texlive/texmf-dist/tex/generic/iftex/ifpdf.sty
Package: ifpdf 2019/10/25 v3.4 ifpdf legacy package. Use iftex instead.
) (/usr/share/texlive/texmf-dist/tex/generic/iftex/ifxetex.sty
Package: ifxetex 2019/10/25 v0.7 ifxetex legacy package. Use iftex instead.
) (/usr/share/texlive/texmf-dist/tex/latex/everyshi/everyshi.sty
Package: everyshi 2020/11/18 v4.00 EveryShipout Package
) (/usr/share/texlive/texmf-dist/tex/generic/iftex/ifluatex.sty
Package: ifluatex 2019/10/25 v1.5 ifluatex legacy package. Use iftex instead.
){/var/lib/texmf/fonts/map/pdftex/updmap/pdftex.map} (/usr/share/texlive/texmf-dist/tex/latex/pdfx/l8u-penc.def
File: l8u-penc.def 2017/06/23 v0.8 Custom LaTeX file, for UTF8 encoded letters and symbols
LaTeX Info: Composite with undeclared \b in encoding L8U on input line 278.
 (/usr/share/texlive/texmf-dist/tex/latex/pdfx/l8ugrk-penc.def
File: l8ugrk-penc.def 2018/11/28 v0.6 Greek support for UTF8 in XMP metadata
) (/usr/share/texlive/texmf-dist/tex/latex/pdfx/l8umath-penc.def
File: l8umath-penc.def 2017/06/23 v0.6 Custom LaTeX file, for UTF8 encoded math symbols
))
\pdfxsafeforxmp@toks=\toks26
\pdfx@tmptoks=\toks27


Package hyperref Warning: Option `pdftex' has already been used,
(hyperref)                setting the option has no effect on input line 1461.


Package hyperref Warning: Option `pdfa' has already been used,
(hyperref)                setting the option has no effect on input line 1461.

Package hyperref Info: Option `unicode' set `true' on input line 1463.
(/usr/share/texlive/texmf-dist/tex/generic/stringenc/stringenc.sty
Package: stringenc 2019/11/29 v1.12 Convert strings between diff. encodings (HO)
)
Package hyperref Info: Option `psdextra' set `true' on input line 1465.
 (/usr/share/texlive/texmf-dist/tex/latex/hyperref/puenc-greekbasic.def
File: puenc-greekbasic.def 2021-06-07 v7.00m Hyperref: PDF Unicode definition (greek block) (HO)
) (/usr/share/texlive/texmf-dist/tex/latex/hyperref/psdextra.def
File: psdextra.def 2021-06-07 v7.00m Hyperref: Additions to PDF string support
) (/usr/share/texlive/texmf-dist/tex/generic/colorprofiles/colorprofiles.sty
Package: colorprofiles 2018/11/01 v1.0.1 color profiles for PDF/X and PDF/A support
 (/usr/share/texlive/texmf-dist/tex/generic/colorprofiles/colorprofiles.tex)) (/usr/share/texlive/texmf-dist/tex/generic/stringenc/se-pdfdoc.def
File: se-pdfdoc.def 2019/11/29 v1.12 stringenc: PDFDocEncoding
) (/usr/share/texlive/texmf-dist/tex/latex/pdfx/AdobeColorProfiles.tex) (/usr/share/texlive/texmf-dist/tex/latex/pdfx/8bit.def
File: 8bit.def 2008/03/30 v1.1d Input encoding file
)
** pdfx: No file Bachelor_Thesis_GPS_Classification.xmpdata . Metadata will be incomplete!
<<sRGB.icc>> (/usr/share/texlive/texmf-dist/tex/latex/pdfx/8bit.def
File: 8bit.def 2008/03/30 v1.1d Input encoding file
)
Package hyperref Info: Option `unicode' set `true' on input line 2411.
Package hyperref Info: Option `unicode' set `true' on input line 2412.
 (/usr/share/texlive/texmf-dist/tex/generic/pdftex/glyphtounicode.tex) (/usr/share/texlive/texmf-dist/tex/latex/pdfx/glyphtounicode-cmr.tex) (/usr/share/texlive/texmf-dist/tex/latex/pdfx/glyphtounicode-ntx.tex) (/usr/share/texlive/texmf-dist/tex/latex/base/ifthen.sty
Package: ifthen 2020/11/24 v1.1c Standard LaTeX ifthen package (DPC)
) (/usr/share/texlive/texmf-dist/tex/latex/xmpincl/xmpincl.sty
Package: xmpincl 2021/09/22 v2.4 Include XMP data in pdflatex
) (/usr/share/texlive/texmf-dist/tex/latex/pdfx/8bit.def
File: 8bit.def 2008/03/30 v1.1d Input encoding file
)
Using XMP template file: pdfa.xmp
\xmpinclWrite=\write3
\xmpinclRead=\read3
\openout3 = `pdfa.xmpi'.

<<pdfa.xmpi>>) (/usr/share/texlive/texmf-dist/tex/latex/biblatex/biblatex.sty
Package: biblatex 2022/02/02 v3.17 programmable bibliographies (PK/MW)
 (/usr/share/texlive/texmf-dist/tex/latex/logreq/logreq.sty
Package: logreq 2010/08/04 v1.0 xml request logger
\lrq@indent=\count301
 (/usr/share/texlive/texmf-dist/tex/latex/logreq/logreq.def
File: logreq.def 2010/08/04 v1.0 logreq spec v1.0
))
\c@tabx@nest=\count302
\c@listtotal=\count303
\c@listcount=\count304
\c@liststart=\count305
\c@liststop=\count306
\c@citecount=\count307
\c@citetotal=\count308
\c@multicitecount=\count309
\c@multicitetotal=\count310
\c@instcount=\count311
\c@maxnames=\count312
\c@minnames=\count313
\c@maxitems=\count314
\c@minitems=\count315
\c@citecounter=\count316
\c@maxcitecounter=\count317
\c@savedcitecounter=\count318
\c@uniquelist=\count319
\c@uniquename=\count320
\c@refsection=\count321
\c@refsegment=\count322
\c@maxextratitle=\count323
\c@maxextratitleyear=\count324
\c@maxextraname=\count325
\c@maxextradate=\count326
\c@maxextraalpha=\count327
\c@abbrvpenalty=\count328
\c@highnamepenalty=\count329
\c@lownamepenalty=\count330
\c@maxparens=\count331
\c@parenlevel=\count332
\blx@tempcnta=\count333
\blx@tempcntb=\count334
\blx@tempcntc=\count335
\c@blx@maxsection=\count336
\c@blx@maxsegment@0=\count337
\blx@notetype=\count338
\blx@parenlevel@text=\count339
\blx@parenlevel@foot=\count340
\c@blx@sectionciteorder@0=\count341
\blx@entrysetcounter=\count342
\blx@biblioinstance=\count343
\labelnumberwidth=\skip99
\labelalphawidth=\skip100
\biblabelsep=\skip101
\bibitemsep=\skip102
\bibnamesep=\skip103
\bibinitsep=\skip104
\bibparsep=\skip105
\bibhang=\skip106
\blx@bcfin=\read4
\blx@bcfout=\write4
\blx@langwohyphens=\language88
\c@mincomprange=\count344
\c@maxcomprange=\count345
\c@mincompwidth=\count346
Package biblatex Info: Trying to load biblatex default data model...
Package biblatex Info: ... file 'blx-dm.def' found.
 (/usr/share/texlive/texmf-dist/tex/latex/biblatex/blx-dm.def
File: blx-dm.def 2022/02/02 v3.17 biblatex localization (PK/MW)
)
Package biblatex Info: Trying to load biblatex style data model...
Package biblatex Info: ... file 'ieee.dbx' not found.
Package biblatex Info: Trying to load biblatex custom data model...
Package biblatex Info: ... file 'biblatex-dm.cfg' not found.
\c@afterword=\count347
\c@savedafterword=\count348
\c@annotator=\count349
\c@savedannotator=\count350
\c@author=\count351
\c@savedauthor=\count352
\c@bookauthor=\count353
\c@savedbookauthor=\count354
\c@commentator=\count355
\c@savedcommentator=\count356
\c@editor=\count357
\c@savededitor=\count358
\c@editora=\count359
\c@savededitora=\count360
\c@editorb=\count361
\c@savededitorb=\count362
\c@editorc=\count363
\c@savededitorc=\count364
\c@foreword=\count365
\c@savedforeword=\count366
\c@holder=\count367
\c@savedholder=\count368
\c@introduction=\count369
\c@savedintroduction=\count370
\c@namea=\count371
\c@savednamea=\count372
\c@nameb=\count373
\c@savednameb=\count374
\c@namec=\count375
\c@savednamec=\count376
\c@translator=\count377
\c@savedtranslator=\count378
\c@shortauthor=\count379
\c@savedshortauthor=\count380
\c@shorteditor=\count381
\c@savedshorteditor=\count382
\c@labelname=\count383
\c@savedlabelname=\count384
\c@institution=\count385
\c@savedinstitution=\count386
\c@lista=\count387
\c@savedlista=\count388
\c@listb=\count389
\c@savedlistb=\count390
\c@listc=\count391
\c@savedlistc=\count392
\c@listd=\count393
\c@savedlistd=\count394
\c@liste=\count395
\c@savedliste=\count396
\c@listf=\count397
\c@savedlistf=\count398
\c@location=\count399
\c@savedlocation=\count400
\c@organization=\count401
\c@savedorganization=\count402
\c@origlocation=\count403
\c@savedoriglocation=\count404
\c@origpublisher=\count405
\c@savedorigpublisher=\count406
\c@publisher=\count407
\c@savedpublisher=\count408
\c@language=\count409
\c@savedlanguage=\count410
\c@origlanguage=\count411
\c@savedoriglanguage=\count412
\c@pageref=\count413
\c@savedpageref=\count414
\shorthandwidth=\skip107
\shortjournalwidth=\skip108
\shortserieswidth=\skip109
\shorttitlewidth=\skip110
\shortauthorwidth=\skip111
\shorteditorwidth=\skip112
\locallabelnumberwidth=\skip113
\locallabelalphawidth=\skip114
\localshorthandwidth=\skip115
\localshortjournalwidth=\skip116
\localshortserieswidth=\skip117
\localshorttitlewidth=\skip118
\localshortauthorwidth=\skip119
\localshorteditorwidth=\skip120
Package biblatex Info: Trying to load compatibility code...
Package biblatex Info: ... file 'blx-compat.def' found.
 (/usr/share/texlive/texmf-dist/tex/latex/biblatex/blx-compat.def
File: blx-compat.def 2022/02/02 v3.17 biblatex compatibility (PK/MW)
)
Package biblatex Info: Trying to load generic definitions...
Package biblatex Info: ... file 'biblatex.def' found.
 (/usr/share/texlive/texmf-dist/tex/latex/biblatex/biblatex.def
File: biblatex.def 2022/02/02 v3.17 biblatex compatibility (PK/MW)
\c@textcitecount=\count415
\c@textcitetotal=\count416
\c@textcitemaxnames=\count417
\c@biburlbigbreakpenalty=\count418
\c@biburlbreakpenalty=\count419
\c@biburlnumpenalty=\count420
\c@biburlucpenalty=\count421
\c@biburllcpenalty=\count422
\biburlbigskip=\muskip17
\biburlnumskip=\muskip18
\biburlucskip=\muskip19
\biburllcskip=\muskip20
\c@smartand=\count423
)
Package biblatex Info: Trying to load bibliography style 'ieee'...
Package biblatex Info: ... file 'ieee.bbx' found.
 (/usr/share/texlive/texmf-dist/tex/latex/biblatex-ieee/ieee.bbx
File: ieee.bbx 2021/12/06 v1.3f biblatex bibliography style
Package biblatex Info: Trying to load bibliography style 'numeric-comp'...
Package biblatex Info: ... file 'numeric-comp.bbx' found.
 (/usr/share/texlive/texmf-dist/tex/latex/biblatex/bbx/numeric-comp.bbx
File: numeric-comp.bbx 2022/02/02 v3.17 biblatex bibliography style (PK/MW)
Package biblatex Info: Trying to load bibliography style 'numeric'...
Package biblatex Info: ... file 'numeric.bbx' found.
 (/usr/share/texlive/texmf-dist/tex/latex/biblatex/bbx/numeric.bbx
File: numeric.bbx 2022/02/02 v3.17 biblatex bibliography style (PK/MW)
Package biblatex Info: Trying to load bibliography style 'standard'...
Package biblatex Info: ... file 'standard.bbx' found.
 (/usr/share/texlive/texmf-dist/tex/latex/biblatex/bbx/standard.bbx
File: standard.bbx 2022/02/02 v3.17 biblatex bibliography style (PK/MW)
\c@bbx:relatedcount=\count424
\c@bbx:relatedtotal=\count425
))))
Package biblatex Info: Trying to load citation style 'ieee'...
Package biblatex Info: ... file 'ieee.cbx' found.
 (/usr/share/texlive/texmf-dist/tex/latex/biblatex-ieee/ieee.cbx
File: ieee.cbx 2021/12/06 v1.3f biblatex citation style
Package biblatex Info: Trying to load citation style 'numeric-comp'...
Package biblatex Info: ... file 'numeric-comp.cbx' found.
 (/usr/share/texlive/texmf-dist/tex/latex/biblatex/cbx/numeric-comp.cbx
File: numeric-comp.cbx 2022/02/02 v3.17 biblatex citation style (PK/MW)
\c@cbx@tempcnta=\count426
\c@cbx@tempcntb=\count427
\c@cbx@tempcntc=\count428
\c@cbx@tempcntd=\count429
Package biblatex Info: Redefining '\cite'.
Package biblatex Info: Redefining '\parencite'.
Package biblatex Info: Redefining '\footcite'.
Package biblatex Info: Redefining '\footcitetext'.
Package biblatex Info: Redefining '\smartcite'.
Package biblatex Info: Redefining '\supercite'.
Package biblatex Info: Redefining '\textcite'.
Package biblatex Info: Redefining '\textcites'.
Package biblatex Info: Redefining '\cites'.
Package biblatex Info: Redefining '\parencites'.
Package biblatex Info: Redefining '\smartcites'.
)
Package biblatex Info: Redefining '\cite'.
Package biblatex Info: Redefining '\supercite'.
Package biblatex Info: Redefining '\cites'.
)
Package biblatex Info: Trying to load configuration file...
Package biblatex Info: ... file 'biblatex.cfg' found.
 (/usr/share/texlive/texmf-dist/tex/latex/biblatex/biblatex.cfg
File: biblatex.cfg 
)
Package biblatex Info: Input encoding 'utf8' detected.
Package biblatex Info: Document encoding is UTF8 ....
 (/usr/share/texlive/texmf-dist/tex/latex/l3kernel/expl3.sty
Package: expl3 2022-01-21 L3 programming layer (loader) 
 (/usr/share/texlive/texmf-dist/tex/latex/l3backend/l3backend-pdftex.def
File: l3backend-pdftex.def 2022-01-12 L3 backend support: PDF output (pdfTeX)
\l__color_backend_stack_int=\count430
\l__pdf_internal_box=\box57
))
Package biblatex Info: ... and expl3
(biblatex)             2022-01-21 L3 programming layer (loader) 
(biblatex)             is new enough (at least 2020/04/06),
(biblatex)             setting 'casechanger=expl3'.
 (/usr/share/texlive/texmf-dist/tex/latex/biblatex/blx-case-expl3.sty (/usr/share/texlive/texmf-dist/tex/latex/l3packages/xparse/xparse.sty
Package: xparse 2022-01-12 L3 Experimental document command parser
)
Package: blx-case-expl3 2022/02/02 v3.17 expl3 case changing code for biblatex
))
Package csquotes Info: Checking for multilingual support...
Package csquotes Info: ... found 'babel' package.
Package csquotes Info: Adjusting default style.
Package csquotes Info: Redefining alias 'default' -> 'english'.
 (./Bachelor_Thesis_GPS_Classification.aux

LaTeX Warning: Label `fig:shap_all_classes' multiply defined.


LaTeX Warning: Label `fig:shap_all_classes' multiply defined.

)
\openout1 = `Bachelor_Thesis_GPS_Classification.aux'.

LaTeX Font Info:    Checking defaults for OML/cmm/m/it on input line 52.
LaTeX Font Info:    ... okay on input line 52.
LaTeX Font Info:    Checking defaults for OMS/cmsy/m/n on input line 52.
LaTeX Font Info:    ... okay on input line 52.
LaTeX Font Info:    Checking defaults for OT1/cmr/m/n on input line 52.
LaTeX Font Info:    ... okay on input line 52.
LaTeX Font Info:    Checking defaults for T1/cmr/m/n on input line 52.
LaTeX Font Info:    ... okay on input line 52.
LaTeX Font Info:    Checking defaults for TS1/cmr/m/n on input line 52.
LaTeX Font Info:    ... okay on input line 52.
LaTeX Font Info:    Checking defaults for OMX/cmex/m/n on input line 52.
LaTeX Font Info:    ... okay on input line 52.
LaTeX Font Info:    Checking defaults for U/cmr/m/n on input line 52.
LaTeX Font Info:    ... okay on input line 52.
LaTeX Font Info:    Checking defaults for PD1/pdf/m/n on input line 52.
LaTeX Font Info:    ... okay on input line 52.
LaTeX Font Info:    Checking defaults for PU/pdf/m/n on input line 52.
LaTeX Font Info:    ... okay on input line 52.
Package scrbase Info: activating english \contentsname on input line 52.
Package scrbase Info: activating english \listfigurename on input line 52.
Package scrbase Info: activating english \listtablename on input line 52.
 (/usr/share/texlive/texmf-dist/tex/context/base/mkii/supp-pdf.mkii
[Loading MPS to PDF converter (version 2006.09.02).]
\scratchcounter=\count431
\scratchdimen=\dimen165
\scratchbox=\box58
\nofMPsegments=\count432
\nofMParguments=\count433
\everyMPshowfont=\toks28
\MPscratchCnt=\count434
\MPscratchDim=\dimen166
\MPnumerator=\count435
\makeMPintoPDFobject=\count436
\everyMPtoPDFconversion=\toks29
) (/usr/share/texlive/texmf-dist/tex/latex/epstopdf-pkg/epstopdf-base.sty
Package: epstopdf-base 2020-01-24 v2.11 Base part for package epstopdf
Package epstopdf-base Info: Redefining graphics rule for `.eps' on input line 485.
 (/usr/share/texlive/texmf-dist/tex/latex/latexconfig/epstopdf-sys.cfg
File: epstopdf-sys.cfg 2010/07/13 v1.3 Configuration of (r)epstopdf for TeX Live
))
Package hyperref Info: Link coloring OFF on input line 52.
 (/usr/share/texlive/texmf-dist/tex/latex/hyperref/nameref.sty
Package: nameref 2021-04-02 v2.47 Cross-referencing by name of section
 (/usr/share/texlive/texmf-dist/tex/latex/refcount/refcount.sty
Package: refcount 2019/12/15 v3.6 Data extraction from label references (HO)
) (/usr/share/texlive/texmf-dist/tex/generic/gettitlestring/gettitlestring.sty
Package: gettitlestring 2019/12/15 v1.6 Cleanup title references (HO)
)
\c@section@level=\count437
)
LaTeX Info: Redefining \ref on input line 52.
LaTeX Info: Redefining \pageref on input line 52.
LaTeX Info: Redefining \nameref on input line 52.
 (./Bachelor_Thesis_GPS_Classification.out) (./Bachelor_Thesis_GPS_Classification.out)
\@outlinefile=\write5
\openout5 = `Bachelor_Thesis_GPS_Classification.out'.

Class scrreprt Info: loading recommended package `bookmark'.
(scrreprt)           Using `bookmark' together with `hyperref' is recommended,
(scrreprt)           because of handling of possible bookmark level gaps.
(scrreprt)           You can avoid loading `bookmark' with KOMA-Script option
(scrreprt)           `bookmarkpackage=false' before \begin{document} and
(scrreprt)           you can avoid this message adding:
(scrreprt)             \usepackage{bookmark}
(scrreprt)           before \begin{document} on input line 52.
 (/usr/share/texlive/texmf-dist/tex/latex/bookmark/bookmark.sty
Package: bookmark 2020-11-06 v1.29 PDF bookmarks (HO)
 (/usr/share/texlive/texmf-dist/tex/latex/bookmark/bkm-pdftex.def
File: bkm-pdftex.def 2020-11-06 v1.29 bookmark driver for pdfTeX (HO)
\BKM@id=\count438
))
*geometry* driver: auto-detecting
*geometry* detected driver: pdftex
*geometry* verbose mode - [ preamble ] result:
* driver: pdftex
* paper: a4paper
* layout: <same size as paper>
* layoutoffset:(h,v)=(0.0pt,0.0pt)
* bindingoffset: 22.76219pt
* modes: twoside 
* h-part:(L,W,R)=(68.97018pt, 402.32022pt, 103.45528pt)
* v-part:(T,H,B)=(101.40665pt, 591.5302pt, 152.11pt)
* \paperwidth=597.50787pt
* \paperheight=845.04684pt
* \textwidth=402.32022pt
* \textheight=591.5302pt
* \oddsidemargin=19.46239pt
* \evensidemargin=31.18529pt
* \topmargin=-10.73834pt
* \headheight=18.125pt
* \headsep=21.75pt
* \topskip=12.0pt
* \footskip=50.75pt
* \marginparwidth=74.68849pt
* \marginparsep=12.8401pt
* \columnsep=10.0pt
* \skip\footins=10.8pt plus 4.0pt minus 2.0pt
* \hoffset=0.0pt
* \voffset=0.0pt
* \mag=1000
* \@twocolumnfalse
* \@twosidetrue
* \@mparswitchtrue
* \@reversemarginfalse
* (1in=72.27pt=25.4mm, 1cm=28.453pt)

Package caption Info: Begin \AtBeginDocument code.
Package caption Info: float package is loaded.
Package caption Info: listings package is loaded.
Package caption Info: End \AtBeginDocument code.
\c@lstlisting=\count439
Package biblatex Info: Trying to load language 'english'...
Package biblatex Info: ... file 'english.lbx' found.
(/usr/share/texlive/texmf-dist/tex/latex/biblatex/lbx/english.lbx
File: english.lbx 2022/02/02 v3.17 biblatex localization (PK/MW)
)
Package biblatex Info: Input encoding 'utf8' detected.
Package biblatex Info: Automatic encoding selection.
(biblatex)             Assuming data encoding 'utf8'.
\openout4 = `Bachelor_Thesis_GPS_Classification.bcf'.

Package biblatex Info: Trying to load bibliographic data...
Package biblatex Info: ... file 'Bachelor_Thesis_GPS_Classification.bbl' found.
 (./Bachelor_Thesis_GPS_Classification.bbl)
Package biblatex Info: Reference section=0 on input line 52.
Package biblatex Info: Reference segment=0 on input line 52.
<Abbildungen/Wort-Bild-Marke-cmyk.jpg, id=7, 5259.65pt x 1275.76625pt>
File: Abbildungen/Wort-Bild-Marke-cmyk.jpg Graphic file (type jpg)
<use Abbildungen/Wort-Bild-Marke-cmyk.jpg>
Package pdftex.def Info: Abbildungen/Wort-Bild-Marke-cmyk.jpg  used on input line 58.
(pdftex.def)             Requested size: 160.92563pt x 39.03053pt.
LaTeX Font Info:    Trying to load font information for T1+cmss on input line 62.
 (/usr/share/texlive/texmf-dist/tex/latex/base/t1cmss.fd
File: t1cmss.fd 2019/12/16 v2.5j Standard LaTeX font definitions
) [1





 <./Abbildungen/Wort-Bild-Marke-cmyk.jpg>] [2]
LaTeX Font Info:    Trying to load font information for T1+cmtt on input line 134.
 (/usr/share/texlive/texmf-dist/tex/latex/base/t1cmtt.fd
File: t1cmtt.fd 2019/12/16 v2.5j Standard LaTeX font definitions
) [3]
Overfull \hbox (8.48228pt too wide) in paragraph at lines 181--187
\T1/cmr/m/n/12 GPS way-point data, ex-tracts fea-tures, struc-tures the data us-ing a semi-supervised
 []


Overfull \hbox (2.44202pt too wide) in paragraph at lines 203--206
\T1/cmr/m/n/12 GPS Data Clas-si-fi-ca-tion, Waste Man-age-ment, Ar-ti-fi-cial In-tel-li-gence, Ge-o-graphic
 []

[4] (./Bachelor_Thesis_GPS_Classification.toc
LaTeX Font Info:    Trying to load font information for U+msa on input line 2.
 (/usr/share/texlive/texmf-dist/tex/latex/amsfonts/umsa.fd
File: umsa.fd 2013/01/14 v3.01 AMS symbols A
)
LaTeX Font Info:    Trying to load font information for U+msb on input line 2.
 (/usr/share/texlive/texmf-dist/tex/latex/amsfonts/umsb.fd
File: umsb.fd 2013/01/14 v3.01 AMS symbols B
) [5


])
\tf@toc=\write6
\openout6 = `Bachelor_Thesis_GPS_Classification.toc'.

 [6] (./Bachelor_Thesis_GPS_Classification.lof)
\tf@lof=\write7
\openout7 = `Bachelor_Thesis_GPS_Classification.lof'.

 [7

] (./Bachelor_Thesis_GPS_Classification.lot)
\tf@lot=\write8
\openout8 = `Bachelor_Thesis_GPS_Classification.lot'.

 [8

]

LaTeX Warning: Hyper reference `acro:AI' on page 9 undefined on input line 228.


LaTeX Warning: Hyper reference `acro:AI' on page 9 undefined on input line 228.


LaTeX Warning: Hyper reference `acro:API' on page 9 undefined on input line 229.


LaTeX Warning: Hyper reference `acro:API' on page 9 undefined on input line 229.


LaTeX Warning: Hyper reference `acro:CSV' on page 9 undefined on input line 230.


LaTeX Warning: Hyper reference `acro:CSV' on page 9 undefined on input line 230.


LaTeX Warning: Hyper reference `acro:PKL' on page 9 undefined on input line 231.


LaTeX Warning: Hyper reference `acro:PKL' on page 9 undefined on input line 231.


LaTeX Warning: Hyper reference `acro:DBSCAN' on page 9 undefined on input line 232.


LaTeX Warning: Hyper reference `acro:DBSCAN' on page 9 undefined on input line 232.


LaTeX Warning: Hyper reference `acro:DACH' on page 9 undefined on input line 233.


LaTeX Warning: Hyper reference `acro:DACH' on page 9 undefined on input line 233.


LaTeX Warning: Hyper reference `acro:F1-score' on page 9 undefined on input line 234.


LaTeX Warning: Hyper reference `acro:F1-score' on page 9 undefined on input line 234.


LaTeX Warning: Hyper reference `acro:GIS' on page 9 undefined on input line 235.


LaTeX Warning: Hyper reference `acro:GIS' on page 9 undefined on input line 235.


LaTeX Warning: Hyper reference `acro:GPS' on page 9 undefined on input line 236.


LaTeX Warning: Hyper reference `acro:GPS' on page 9 undefined on input line 236.


LaTeX Warning: Hyper reference `acro:JSON' on page 9 undefined on input line 237.


LaTeX Warning: Hyper reference `acro:JSON' on page 9 undefined on input line 237.


LaTeX Warning: Hyper reference `acro:ML' on page 9 undefined on input line 238.


LaTeX Warning: Hyper reference `acro:ML' on page 9 undefined on input line 238.


LaTeX Warning: Hyper reference `acro:OSM' on page 9 undefined on input line 239.


LaTeX Warning: Hyper reference `acro:OSM' on page 9 undefined on input line 239.


LaTeX Warning: Hyper reference `acro:PCA' on page 9 undefined on input line 240.


LaTeX Warning: Hyper reference `acro:PCA' on page 9 undefined on input line 240.


LaTeX Warning: Hyper reference `acro:RF' on page 9 undefined on input line 241.


LaTeX Warning: Hyper reference `acro:RF' on page 9 undefined on input line 241.


LaTeX Warning: Hyper reference `acro:SHAP' on page 9 undefined on input line 242.


LaTeX Warning: Hyper reference `acro:SHAP' on page 9 undefined on input line 242.


LaTeX Warning: Hyper reference `acro:URL' on page 9 undefined on input line 243.


LaTeX Warning: Hyper reference `acro:URL' on page 9 undefined on input line 243.


LaTeX Warning: Hyper reference `acro:WGS84' on page 9 undefined on input line 244.


LaTeX Warning: Hyper reference `acro:WGS84' on page 9 undefined on input line 244.

[9


]
chapter 1.

Class scrreprt Warning: \float@addtolists detected!
(scrreprt)              Implementation of \float@addtolist became
(scrreprt)              deprecated in KOMA-Script v3.01 2008/11/14 and
(scrreprt)              has been replaced by several more flexible
(scrreprt)              features of package `tocbasic`.
(scrreprt)              Since Version 3.12 support for deprecated
(scrreprt)              \float@addtolist interface has been
(scrreprt)              restricted to only some of the KOMA-Script
(scrreprt)              features and been removed from others.
(scrreprt)              Loading of package `scrhack' may help to
(scrreprt)              avoid this warning, if you are using a
(scrreprt)              a package that still implements the
(scrreprt)              deprecated \float@addtolist interface.

[10

]
Overfull \hbox (0.78136pt too wide) in paragraph at lines 328--337
\T1/cmr/m/n/12 tract-ing mean-ing-ful fea-tures from GPS way-point data, ap-ply-ing semi-supervised
 []


Underfull \vbox (badness 2680) has occurred while \output is active []

 [11]
Overfull \hbox (4.46361pt too wide) in paragraph at lines 354--360
\T1/cmr/m/n/12 This in-cludes the data pre-pro-cess-ing, fea-ture ex-trac-tion, clus-ter-ing pipeline
 []

[12]
chapter 2.
[13

]
<Figures/background/dbscan_core_points_and_border_points.png, id=319, 383.93437pt x 96.36pt>
File: Figures/background/dbscan_core_points_and_border_points.png Graphic file (type png)
<use Figures/background/dbscan_core_points_and_border_points.png>
Package pdftex.def Info: Figures/background/dbscan_core_points_and_border_points.png  used on input line 442.
(pdftex.def)             Requested size: 281.62292pt x 70.68625pt.
<Figures/background/dbscan_density_reachability_connectivity.png, id=323, 375.4025pt x 93.34875pt>
File: Figures/background/dbscan_density_reachability_connectivity.png Graphic file (type png)
<use Figures/background/dbscan_density_reachability_connectivity.png>
Package pdftex.def Info: Figures/background/dbscan_density_reachability_connectivity.png  used on input line 463.
(pdftex.def)             Requested size: 281.62292pt x 70.03416pt.
 [14 <./Figures/background/dbscan_core_points_and_border_points.png>] [15 <./Figures/background/dbscan_density_reachability_connectivity.png>]
<Figures/background/k-means-and-DBSCAN-clustering-results-on-Chainlink-data-set.png, id=354, 204.765pt x 81.1833pt>
File: Figures/background/k-means-and-DBSCAN-clustering-results-on-Chainlink-data-set.png Graphic file (type png)
<use Figures/background/k-means-and-DBSCAN-clustering-results-on-Chainlink-data-set.png>
Package pdftex.def Info: Figures/background/k-means-and-DBSCAN-clustering-results-on-Chainlink-data-set.png  used on input line 524.
(pdftex.def)             Requested size: 281.62292pt x 111.66269pt.
 [16 <./Figures/background/k-means-and-DBSCAN-clustering-results-on-Chainlink-data-set.png>]
<Figures/related_work/etemad_pipeline.png, id=370, 1088.868pt x 418.56375pt>
File: Figures/related_work/etemad_pipeline.png Graphic file (type png)
<use Figures/related_work/etemad_pipeline.png>
Package pdftex.def Info: Figures/related_work/etemad_pipeline.png  used on input line 571.
(pdftex.def)             Requested size: 402.32022pt x 154.6554pt.

Underfull \vbox (badness 1122) has occurred while \output is active []

 [17 <./Figures/related_work/etemad_pipeline.png>]
<Figures/related_work/koh_clustering_framwork_flowchart.png, id=384, 936.49875pt x 325.215pt>
File: Figures/related_work/koh_clustering_framwork_flowchart.png Graphic file (type png)
<use Figures/related_work/koh_clustering_framwork_flowchart.png>
Package pdftex.def Info: Figures/related_work/koh_clustering_framwork_flowchart.png  used on input line 611.
(pdftex.def)             Requested size: 402.32022pt x 139.71565pt.
 [18 <./Figures/related_work/koh_clustering_framwork_flowchart.png>]
chapter 3.
[19

]
<Diagrams/drawio/big_picture.png, id=402, 462.72874pt x 457.71pt>
File: Diagrams/drawio/big_picture.png Graphic file (type png)
<use Diagrams/drawio/big_picture.png>
Package pdftex.def Info: Diagrams/drawio/big_picture.png  used on input line 674.
(pdftex.def)             Requested size: 321.85739pt x 318.36943pt.
 [20 <./Diagrams/drawio/big_picture.png>]
Underfull \hbox (badness 3758) in paragraph at lines 718--722
[]\T1/cmr/m/n/12 Name of the track-ing (ran-dom-ized for
 []


Underfull \hbox (badness 2142) in paragraph at lines 723--726
[]\T1/cmr/m/n/12 Route meta-data, of-ten in-cludes in-ter-nal
 []


Underfull \hbox (badness 2057) in paragraph at lines 742--745
[]\T1/cmr/m/n/12 ID of the as-so-ci-ated tour (nul-li-fied for
 []


Overfull \hbox (0.66364pt too wide) in paragraph at lines 708--755
 [][] 
 []


Underfull \vbox (badness 1888) has occurred while \output is active []

 [21]
<Figures/problem_definition/Aufzeichnune-komprimieren-winkelreduktion.png, id=414, 347.2975pt x 144.54pt>
File: Figures/problem_definition/Aufzeichnune-komprimieren-winkelreduktion.png Graphic file (type png)
<use Figures/problem_definition/Aufzeichnune-komprimieren-winkelreduktion.png>
Package pdftex.def Info: Figures/problem_definition/Aufzeichnune-komprimieren-winkelreduktion.png  used on input line 846.
(pdftex.def)             Requested size: 281.62292pt x 117.21127pt.
 [22] [23 <./Figures/problem_definition/Aufzeichnune-komprimieren-winkelreduktion.png>]
<Figures/sample_tracking_routes_mapgrid.png, id=432, 1445.4pt x 722.7pt>
File: Figures/sample_tracking_routes_mapgrid.png Graphic file (type png)
<use Figures/sample_tracking_routes_mapgrid.png>
Package pdftex.def Info: Figures/sample_tracking_routes_mapgrid.png  used on input line 917.
(pdftex.def)             Requested size: 402.32022pt x 201.15262pt.
 [24 <./Figures/sample_tracking_routes_mapgrid.png>]
<Figures/sample_pairplot.png, id=439, 1706.0538pt x 1597.8897pt>
File: Figures/sample_pairplot.png Graphic file (type png)
<use Figures/sample_pairplot.png>
Package pdftex.def Info: Figures/sample_pairplot.png  used on input line 965.
(pdftex.def)             Requested size: 402.32022pt x 376.79637pt.
 [25] [26 <./Figures/sample_pairplot.png>]
<Figures/sample_correlation_matrix.png, id=451, 493.1223pt x 408.3255pt>
File: Figures/sample_correlation_matrix.png Graphic file (type png)
<use Figures/sample_correlation_matrix.png>
Package pdftex.def Info: Figures/sample_correlation_matrix.png  used on input line 984.
(pdftex.def)             Requested size: 402.32022pt x 333.15305pt.
 [27 <./Figures/sample_correlation_matrix.png>]
<Figures/sample_point_density_boxplot.png, id=459, 435.7881pt x 327.8649pt>
File: Figures/sample_point_density_boxplot.png Graphic file (type png)
<use Figures/sample_point_density_boxplot.png>
Package pdftex.def Info: Figures/sample_point_density_boxplot.png  used on input line 1009.
(pdftex.def)             Requested size: 402.32022pt x 302.68495pt.

Underfull \vbox (badness 10000) has occurred while \output is active []

 [28 <./Figures/sample_point_density_boxplot.png>] [29] [30] [31]
chapter 4.
<Diagrams/drawio/big_picture_implementation.png, id=495, 815.045pt x 798.985pt>
File: Diagrams/drawio/big_picture_implementation.png Graphic file (type png)
<use Diagrams/drawio/big_picture_implementation.png>
Package pdftex.def Info: Diagrams/drawio/big_picture_implementation.png  used on input line 1179.
(pdftex.def)             Requested size: 321.85739pt x 315.51637pt.
[32

 <./Diagrams/drawio/big_picture_implementation.png>] (/usr/share/texlive/texmf-dist/tex/latex/listings/lstlang1.sty
File: lstlang1.sty 2020/03/24 1.8d listings language file
) [33]
Package hyperref Info: bookmark level for unknown lstlisting defaults to 0 on input line 1237.
LaTeX Font Info:    Font shape `T1/cmtt/bx/n' in size <10.95> not available
(Font)              Font shape `T1/cmtt/m/n' tried instead on input line 1238.

Underfull \vbox (badness 10000) has occurred while \output is active []

 [34]
Overfull \hbox (20.33795pt too wide) detected at line 1315
\OML/cmm/m/it/12 h \OT1/cmr/m/n/12 = \OML/cmm/m/it/12 d\OT1/cmr/m/n/12 ((\OML/cmm/m/it/12 lat[]; long[]\OT1/cmr/m/n/12 )\OML/cmm/m/it/12 ; \OT1/cmr/m/n/12 (\OML/cmm/m/it/12 lat[]; long[]\OT1/cmr/m/n/12 ))\OML/cmm/m/it/12 ;  w \OT1/cmr/m/n/12 = \OML/cmm/m/it/12 d\OT1/cmr/m/n/12 ((\OML/cmm/m/it/12 lat[]; lon[]\OT1/cmr/m/n/12 )\OML/cmm/m/it/12 ; \OT1/cmr/m/n/12 (\OML/cmm/m/it/12 lat[]; long[]\OT1/cmr/m/n/12 ))
 []

[35]
Underfull \hbox (badness 1430) in paragraph at lines 1375--1378
[]\T1/cmr/m/n/12 Number of GPS way-points in a
 []


Underfull \hbox (badness 3579) in paragraph at lines 1388--1392
[]\T1/cmr/m/n/12 Mean geodesic dis-tance be-tween
 []


Underfull \hbox (badness 4713) in paragraph at lines 1407--1410
[]\T1/cmr/m/n/12 Total track-ing length from the
 []


Overfull \hbox (0.98926pt too wide) in paragraph at lines 1370--1412
 [][] 
 []

[36] [37]
Overfull \hbox (0.21478pt too wide) in paragraph at lines 1451--1458
\T1/cmr/m/n/12 To im-prove the in-ter-pretabil-ity and per-for-mance of clus-ter-ing, a semi-supervised
 []

<Diagrams/drawio/implementation/clustering_pipeline.png, id=566, 814.04124pt x 302.12875pt>
File: Diagrams/drawio/implementation/clustering_pipeline.png Graphic file (type png)
<use Diagrams/drawio/implementation/clustering_pipeline.png>
Package pdftex.def Info: Diagrams/drawio/implementation/clustering_pipeline.png  used on input line 1462.
(pdftex.def)             Requested size: 362.08574pt x 134.38463pt.
[38 <./Diagrams/drawio/implementation/clustering_pipeline.png>] [39] [40]
<Diagrams/drawio/api/api_implementation.png, id=587, 492.84125pt x 442.65375pt>
File: Diagrams/drawio/api/api_implementation.png Graphic file (type png)
<use Diagrams/drawio/api/api_implementation.png>
Package pdftex.def Info: Diagrams/drawio/api/api_implementation.png  used on input line 1579.
(pdftex.def)             Requested size: 362.08574pt x 325.22838pt.
<Figures/api/fastapi_documentation.png, id=588, 1091.87926pt x 861.81975pt>
File: Figures/api/fastapi_documentation.png Graphic file (type png)
<use Figures/api/fastapi_documentation.png>
Package pdftex.def Info: Figures/api/fastapi_documentation.png  used on input line 1587.
(pdftex.def)             Requested size: 362.08574pt x 285.78218pt.
 [41 <./Diagrams/drawio/api/api_implementation.png>] [42 <./Figures/api/fastapi_documentation.png>]
chapter 5.

Overfull \hbox (40.09035pt too wide) in paragraph at lines 1615--1654
 [][] 
 []

[43

]
<Figures/dbscan_diagram_feature_data.png, id=605, 722.7pt x 433.62pt>
File: Figures/dbscan_diagram_feature_data.png Graphic file (type png)
<use Figures/dbscan_diagram_feature_data.png>
Package pdftex.def Info: Figures/dbscan_diagram_feature_data.png  used on input line 1677.
(pdftex.def)             Requested size: 362.08574pt x 217.25276pt.
<Figures/feature_weights.png, id=608, 858.5676pt x 496.7358pt>
File: Figures/feature_weights.png Graphic file (type png)
<use Figures/feature_weights.png>
Package pdftex.def Info: Figures/feature_weights.png  used on input line 1701.
(pdftex.def)             Requested size: 362.08574pt x 209.4841pt.
<Figures/kmeans_diagram_feature_data.png, id=609, 722.7pt x 433.62pt>
File: Figures/kmeans_diagram_feature_data.png Graphic file (type png)
<use Figures/kmeans_diagram_feature_data.png>
Package pdftex.def Info: Figures/kmeans_diagram_feature_data.png  used on input line 1709.
(pdftex.def)             Requested size: 362.08574pt x 217.25276pt.
 [44 <./Figures/dbscan_diagram_feature_data.png>] [45 <./Figures/feature_weights.png> <./Figures/kmeans_diagram_feature_data.png>]
<Figures/classifier/shap_summary_for_all_classes.png, id=621, 578.16pt x 339.669pt>
File: Figures/classifier/shap_summary_for_all_classes.png Graphic file (type png)
<use Figures/classifier/shap_summary_for_all_classes.png>
Package pdftex.def Info: Figures/classifier/shap_summary_for_all_classes.png  used on input line 1718.
(pdftex.def)             Requested size: 362.08574pt x 212.72278pt.
<Figures/clustering_map/clustering_result_map_rural_area1.png, id=622, 1040.08575pt x 626.34pt>
File: Figures/clustering_map/clustering_result_map_rural_area1.png Graphic file (type png)
<use Figures/clustering_map/clustering_result_map_rural_area1.png>
Package pdftex.def Info: Figures/clustering_map/clustering_result_map_rural_area1.png  used on input line 1730.
(pdftex.def)             Requested size: 199.14653pt x 119.92331pt.
<Figures/clustering_map/clustering_result_map_konstanz_area_town1.png, id=623, 1044.90375pt x 628.14674pt>
File: Figures/clustering_map/clustering_result_map_konstanz_area_town1.png Graphic file (type png)
<use Figures/clustering_map/clustering_result_map_konstanz_area_town1.png>
Package pdftex.def Info: Figures/clustering_map/clustering_result_map_konstanz_area_town1.png  used on input line 1738.
(pdftex.def)             Requested size: 199.14653pt x 119.71333pt.
<Figures/clustering_map/clustering_result_map_linz_urban1.png, id=624, 1045.506pt x 629.9535pt>
File: Figures/clustering_map/clustering_result_map_linz_urban1.png Graphic file (type png)
<use Figures/clustering_map/clustering_result_map_linz_urban1.png>
Package pdftex.def Info: Figures/clustering_map/clustering_result_map_linz_urban1.png  used on input line 1748.
(pdftex.def)             Requested size: 199.14653pt x 119.99039pt.
<Figures/clustering_map/clustering_result_map_vorarlberg_closeup.png, id=625, 1042.49475pt x 626.34pt>
File: Figures/clustering_map/clustering_result_map_vorarlberg_closeup.png Graphic file (type png)
<use Figures/clustering_map/clustering_result_map_vorarlberg_closeup.png>
Package pdftex.def Info: Figures/clustering_map/clustering_result_map_vorarlberg_closeup.png  used on input line 1756.
(pdftex.def)             Requested size: 199.14653pt x 119.64616pt.
 [46 <./Figures/classifier/shap_summary_for_all_classes.png>] [47 <./Figures/clustering_map/clustering_result_map_rural_area1.png> <./Figures/clustering_map/clustering_result_map_konstanz_area_town1.png> <./Figures/clustering_map/clustering_result_map_linz_urban1.png> <./Figures/clustering_map/clustering_result_map_vorarlberg_closeup.png>]
Overfull \hbox (4.87614pt too wide) in paragraph at lines 1776--1780
[]\T1/cmr/m/n/12 The fea-ture im-por-tance anal-y-sis (Fig-ure  []5.7[]) high-lighted \T1/cmtt/m/n/12 [\T1/cmr/m/n/12 length], \T1/cmtt/m/n/12 bbox_area\T1/cmr/m/n/12 ,
 []

<Figures/classifier/confusion_matric_label_prediction.png, id=641, 578.16pt x 433.62pt>
File: Figures/classifier/confusion_matric_label_prediction.png Graphic file (type png)
<use Figures/classifier/confusion_matric_label_prediction.png>
Package pdftex.def Info: Figures/classifier/confusion_matric_label_prediction.png  used on input line 1784.
(pdftex.def)             Requested size: 362.08574pt x 271.561pt.
<Figures/classifier/feature_importance_random_forest.png, id=642, 722.7pt x 433.62pt>
File: Figures/classifier/feature_importance_random_forest.png Graphic file (type png)
<use Figures/classifier/feature_importance_random_forest.png>
Package pdftex.def Info: Figures/classifier/feature_importance_random_forest.png  used on input line 1792.
(pdftex.def)             Requested size: 362.08574pt x 217.25276pt.

Overfull \hbox (1.69775pt too wide) in paragraph at lines 1797--1806
\T1/cmr/m/n/12 tonic re-la-tion-ships be-tween classes in in-creas-ing ru-ral-ity (e.g.,\T1/cmtt/m/n/12 URBAN \T1/cmr/m/n/12 to \T1/cmtt/m/n/12 SUBURBAN
 []


Overfull \hbox (39.06815pt too wide) in paragraph at lines 1797--1806
\T1/cmr/m/n/12 to \T1/cmtt/m/n/12 TOWN \T1/cmr/m/n/12 to \T1/cmtt/m/n/12 RURAL\T1/cmr/m/n/12 ) for the fea-tures \T1/cmtt/m/n/12 bbox_area\T1/cmr/m/n/12 , \T1/cmtt/m/n/12 point_density\T1/cmr/m/n/12 , \T1/cmtt/m/n/12 avg_segment_distance
 []

<Figures/classifier/feature_values_normalized.png, id=644, 722.7pt x 433.62pt>
File: Figures/classifier/feature_values_normalized.png Graphic file (type png)
<use Figures/classifier/feature_values_normalized.png>
Package pdftex.def Info: Figures/classifier/feature_values_normalized.png  used on input line 1810.
(pdftex.def)             Requested size: 362.08574pt x 217.25276pt.
[48 <./Figures/classifier/confusion_matric_label_prediction.png>] [49 <./Figures/classifier/feature_importance_random_forest.png> <./Figures/classifier/feature_values_normalized.png>]
<Figures/classifier/pca_projection_test_set.png, id=657, 578.16pt x 433.62pt>
File: Figures/classifier/pca_projection_test_set.png Graphic file (type png)
<use Figures/classifier/pca_projection_test_set.png>
Package pdftex.def Info: Figures/classifier/pca_projection_test_set.png  used on input line 1819.
(pdftex.def)             Requested size: 362.08574pt x 271.561pt.
File: Figures/classifier/shap_summary_for_all_classes.png Graphic file (type png)
<use Figures/classifier/shap_summary_for_all_classes.png>
Package pdftex.def Info: Figures/classifier/shap_summary_for_all_classes.png  used on input line 1828.
(pdftex.def)             Requested size: 362.08574pt x 212.72278pt.
<Figures/classifier/shap/shap_summary_for_URBAN.png, id=658, 578.16pt x 339.669pt>
File: Figures/classifier/shap/shap_summary_for_URBAN.png Graphic file (type png)
<use Figures/classifier/shap/shap_summary_for_URBAN.png>
Package pdftex.def Info: Figures/classifier/shap/shap_summary_for_URBAN.png  used on input line 1839.
(pdftex.def)             Requested size: 199.14653pt x 116.99416pt.
<Figures/classifier/shap/shap_summary_for_SUBURBAN.png, id=659, 578.16pt x 339.669pt>
File: Figures/classifier/shap/shap_summary_for_SUBURBAN.png Graphic file (type png)
<use Figures/classifier/shap/shap_summary_for_SUBURBAN.png>
Package pdftex.def Info: Figures/classifier/shap/shap_summary_for_SUBURBAN.png  used on input line 1847.
(pdftex.def)             Requested size: 199.14653pt x 116.99416pt.
<Figures/classifier/shap/shap_summary_for_TOWN.png, id=660, 578.16pt x 339.669pt>
File: Figures/classifier/shap/shap_summary_for_TOWN.png Graphic file (type png)
<use Figures/classifier/shap/shap_summary_for_TOWN.png>
Package pdftex.def Info: Figures/classifier/shap/shap_summary_for_TOWN.png  used on input line 1857.
(pdftex.def)             Requested size: 199.14653pt x 116.99416pt.
<Figures/classifier/shap/shap_summary_for_RURAL.png, id=661, 578.16pt x 339.669pt>
File: Figures/classifier/shap/shap_summary_for_RURAL.png Graphic file (type png)
<use Figures/classifier/shap/shap_summary_for_RURAL.png>
Package pdftex.def Info: Figures/classifier/shap/shap_summary_for_RURAL.png  used on input line 1865.
(pdftex.def)             Requested size: 199.14653pt x 116.99416pt.
<Figures/classifier/four_final_predictions_per_class.png, id=663, 1445.4pt x 1445.4pt>
File: Figures/classifier/four_final_predictions_per_class.png Graphic file (type png)
<use Figures/classifier/four_final_predictions_per_class.png>
Package pdftex.def Info: Figures/classifier/four_final_predictions_per_class.png  used on input line 1882.
(pdftex.def)             Requested size: 402.32022pt x 402.30525pt.
 [50 <./Figures/classifier/pca_projection_test_set.png>] [51 <./Figures/classifier/shap/shap_summary_for_URBAN.png> <./Figures/classifier/shap/shap_summary_for_SUBURBAN.png> <./Figures/classifier/shap/shap_summary_for_TOWN.png> <./Figures/classifier/shap/shap_summary_for_RURAL.png>] [52 <./Figures/classifier/four_final_predictions_per_class.png>] [53]

LaTeX Warning: Reference `fig:sample_pairplot,fig:feature_weights_for_kmeans,fig:feature_importance_random_forest' on page 54 undefined on input line 1949.

[54]
chapter 6.
[55

] [56]
Overfull \hbox (6.04228pt too wide) in paragraph at lines 2047--2047
\T1/cmr/m/it/12 Economist\T1/cmr/m/n/12 , \T1/cmr/m/sc/12 issn\T1/cmr/m/n/12 : 0013-0613. [On-line]. Avail-able: []$\T1/cmtt/m/n/12 https : / / www . economist .
 []


Overfull \hbox (17.13297pt too wide) in paragraph at lines 2047--2047
\T1/cmtt/m/n/12 publication / 340813602 _ Unsupervised _ K -[] Means _ Clustering _ Algorithm$[]
 []

[57


]
Overfull \hbox (24.76076pt too wide) in paragraph at lines 2047--2047
\T1/cmr/m/n/12 Learn-ing. [On-line]. Avail-able: []$\T1/cmtt/m/n/12 https : / / www . geeksforgeeks . org / deploying -[]
 []


Overfull \hbox (4.28598pt too wide) in paragraph at lines 2047--2047
\T1/cmtt/m/n/12 / / www . sciencedirect . com / science / article / pii / S1018364722000684$[]
 []


Overfull \hbox (16.63297pt too wide) in paragraph at lines 2047--2047
\T1/cmtt/m/n/12 wiki . awm . infeo . at / index . php / Route _ zum _ Nachfahren _ bereitstellen #
 []

[58] [59]
chapter A.
[60

]
chapter B.

Underfull \hbox (badness 10000) in paragraph at lines 2166--2166
[]\T1/cmr/bx/n/12 Creatiion pro-cess
 []


Underfull \hbox (badness 10000) in paragraph at lines 2166--2166
[]\T1/cmr/m/n/12 Have con-tent read
 []


Underfull \hbox (badness 10000) in paragraph at lines 2166--2166
[]\T1/cmr/m/n/12 Paraphrase con-tent,
 []


Underfull \hbox (badness 1281) in paragraph at lines 2166--2166
[]\T1/cmr/m/n/12 Revise text for-mu-la-
 []

[61

] [62

] (./Bachelor_Thesis_GPS_Classification.aux)

LaTeX Warning: There were undefined references.


LaTeX Warning: There were multiply-defined labels.

Package rerunfilecheck Info: File `Bachelor_Thesis_GPS_Classification.out' has not changed.
(rerunfilecheck)             Checksum: D41D8CD98F00B204E9800998ECF8427E;0.
Package logreq Info: Writing requests to 'Bachelor_Thesis_GPS_Classification.run.xml'.
\openout1 = `Bachelor_Thesis_GPS_Classification.run.xml'.

 ) 
Here is how much of TeX's memory you used:
 32743 strings out of 478287
 588924 string characters out of 5849288
 1589024 words of memory out of 5000000
 50234 multiletter control sequences out of 15000+600000
 484702 words of font info for 62 fonts, out of 8000000 for 9000
 1141 hyphenation exceptions out of 8191
 108i,11n,106p,10675b,3641s stack positions out of 5000i,500n,10000p,200000b,80000s
{/usr/share/texmf/fonts/enc/dvips/cm-super/cm-super-t1.enc}{/usr/share/texmf/fonts/enc/dvips/cm-super/cm-super-ts1.enc}</usr/share/texlive/texmf-dist/fonts/type1/public/amsfonts/cm/cmex10.pfb></usr/share/texlive/texmf-dist/fonts/type1/public/amsfonts/cm/cmmi12.pfb></usr/share/texlive/texmf-dist/fonts/type1/public/amsfonts/cm/cmmi6.pfb></usr/share/texlive/texmf-dist/fonts/type1/public/amsfonts/cm/cmmi8.pfb></usr/share/texlive/texmf-dist/fonts/type1/public/amsfonts/cm/cmr12.pfb></usr/share/texlive/texmf-dist/fonts/type1/public/amsfonts/cm/cmr8.pfb></usr/share/texlive/texmf-dist/fonts/type1/public/amsfonts/cm/cmsy10.pfb></usr/share/texlive/texmf-dist/fonts/type1/public/amsfonts/cm/cmsy8.pfb></usr/share/texmf/fonts/type1/public/cm-super/sfbx0800.pfb></usr/share/texmf/fonts/type1/public/cm-super/sfbx1200.pfb></usr/share/texmf/fonts/type1/public/cm-super/sfcc1200.pfb></usr/share/texmf/fonts/type1/public/cm-super/sfrm1095.pfb></usr/share/texmf/fonts/type1/public/cm-super/sfrm1200.pfb></usr/share/texmf/fonts/type1/public/cm-super/sfsx1200.pfb></usr/share/texmf/fonts/type1/public/cm-super/sfsx1440.pfb></usr/share/texmf/fonts/type1/public/cm-super/sfsx1728.pfb></usr/share/texmf/fonts/type1/public/cm-super/sfsx2488.pfb></usr/share/texmf/fonts/type1/public/cm-super/sfti1200.pfb></usr/share/texmf/fonts/type1/public/cm-super/sftt1095.pfb></usr/share/texmf/fonts/type1/public/cm-super/sftt1200.pfb>
Output written on Bachelor_Thesis_GPS_Classification.pdf (62 pages, 61668246 bytes).
PDF statistics:
 1122 PDF objects out of 1200 (max. 8388607)
 935 compressed objects within 10 object streams
 274 named destinations out of 1000 (max. 500000)
 706 words of extra memory for PDF output out of 10000 (max. 10000000)

